mode: set
github.com/nawazish-github/reactivator/observable/operator-from.go:5.73,6.26 1 1
github.com/nawazish-github/reactivator/observable/operator-from.go:7.21,10.13 2 1
github.com/nawazish-github/reactivator/observable/operator-from.go:17.3,17.22 1 1
github.com/nawazish-github/reactivator/observable/operator-from.go:18.26,19.28 1 0
github.com/nawazish-github/reactivator/observable/operator-from.go:20.24,21.28 1 0
github.com/nawazish-github/reactivator/observable/operator-from.go:22.10,23.81 1 0
github.com/nawazish-github/reactivator/observable/operator-from.go:10.13,12.26 2 1
github.com/nawazish-github/reactivator/observable/operator-from.go:12.26,14.5 1 1
github.com/nawazish-github/reactivator/observable/operator-interval.go:8.76,10.11 1 1
github.com/nawazish-github/reactivator/observable/operator-interval.go:14.2,19.12 4 1
github.com/nawazish-github/reactivator/observable/operator-interval.go:29.2,29.17 1 1
github.com/nawazish-github/reactivator/observable/operator-interval.go:10.11,12.3 1 1
github.com/nawazish-github/reactivator/observable/operator-interval.go:19.12,20.7 1 1
github.com/nawazish-github/reactivator/observable/operator-interval.go:20.7,21.11 1 1
github.com/nawazish-github/reactivator/observable/operator-interval.go:22.20,24.14 2 1
github.com/nawazish-github/reactivator/observable/operator-limit.go:7.67,9.15 1 1
github.com/nawazish-github/reactivator/observable/operator-limit.go:13.2,13.23 1 1
github.com/nawazish-github/reactivator/observable/operator-limit.go:17.2,21.30 4 1
github.com/nawazish-github/reactivator/observable/operator-limit.go:31.2,31.22 1 1
github.com/nawazish-github/reactivator/observable/operator-limit.go:34.2,34.33 1 1
github.com/nawazish-github/reactivator/observable/operator-limit.go:9.15,11.3 1 1
github.com/nawazish-github/reactivator/observable/operator-limit.go:13.23,15.3 1 1
github.com/nawazish-github/reactivator/observable/operator-limit.go:21.30,22.23 1 1
github.com/nawazish-github/reactivator/observable/operator-limit.go:22.23,25.4 2 1
github.com/nawazish-github/reactivator/observable/operator-limit.go:25.9,28.9 3 1
github.com/nawazish-github/reactivator/observable/operator-limit.go:31.22,33.3 1 0
github.com/nawazish-github/reactivator/observable/operator-map.go:7.70,9.23 1 1
github.com/nawazish-github/reactivator/observable/operator-map.go:13.2,13.15 1 1
github.com/nawazish-github/reactivator/observable/operator-map.go:17.2,18.12 2 1
github.com/nawazish-github/reactivator/observable/operator-map.go:26.2,26.33 1 1
github.com/nawazish-github/reactivator/observable/operator-map.go:9.23,11.3 1 1
github.com/nawazish-github/reactivator/observable/operator-map.go:13.15,15.3 1 1
github.com/nawazish-github/reactivator/observable/operator-map.go:18.12,19.31 1 1
github.com/nawazish-github/reactivator/observable/operator-map.go:23.3,23.17 1 1
github.com/nawazish-github/reactivator/observable/operator-map.go:19.31,22.4 2 1
github.com/nawazish-github/reactivator/observable/operator-range.go:5.79,7.16 1 1
github.com/nawazish-github/reactivator/observable/operator-range.go:11.2,11.17 1 1
github.com/nawazish-github/reactivator/observable/operator-range.go:15.2,16.12 2 1
github.com/nawazish-github/reactivator/observable/operator-range.go:24.2,24.17 1 1
github.com/nawazish-github/reactivator/observable/operator-range.go:7.16,9.3 1 1
github.com/nawazish-github/reactivator/observable/operator-range.go:11.17,13.3 1 1
github.com/nawazish-github/reactivator/observable/operator-range.go:16.12,19.47 3 1
github.com/nawazish-github/reactivator/observable/operator-range.go:19.47,22.4 2 1
github.com/nawazish-github/reactivator/observable/observable.go:13.82,15.12 2 1
github.com/nawazish-github/reactivator/observable/observable.go:37.2,37.28 1 1
github.com/nawazish-github/reactivator/observable/observable.go:15.12,17.24 2 1
github.com/nawazish-github/reactivator/observable/observable.go:17.24,18.32 1 1
github.com/nawazish-github/reactivator/observable/observable.go:27.4,27.16 1 1
github.com/nawazish-github/reactivator/observable/observable.go:32.4,32.37 1 1
github.com/nawazish-github/reactivator/observable/observable.go:18.32,19.31 1 1
github.com/nawazish-github/reactivator/observable/observable.go:20.16,22.14 2 1
github.com/nawazish-github/reactivator/observable/observable.go:23.13,24.27 1 1
github.com/nawazish-github/reactivator/observable/observable.go:27.16,29.5 1 1
github.com/nawazish-github/reactivator/observable/observable.go:29.10,31.5 1 1
github.com/nawazish-github/reactivator/observable/observable.go:33.9,35.4 1 0
github.com/nawazish-github/reactivator/observable/operator-filter.go:9.72,11.23 1 1
github.com/nawazish-github/reactivator/observable/operator-filter.go:15.2,15.15 1 1
github.com/nawazish-github/reactivator/observable/operator-filter.go:19.2,20.12 2 1
github.com/nawazish-github/reactivator/observable/operator-filter.go:28.2,28.33 1 1
github.com/nawazish-github/reactivator/observable/operator-filter.go:11.23,13.3 1 1
github.com/nawazish-github/reactivator/observable/operator-filter.go:15.15,17.3 1 1
github.com/nawazish-github/reactivator/observable/operator-filter.go:20.12,22.31 2 1
github.com/nawazish-github/reactivator/observable/operator-filter.go:22.31,23.15 1 1
github.com/nawazish-github/reactivator/observable/operator-filter.go:23.15,25.5 1 1
github.com/nawazish-github/reactivator/observable/operator-flatmap.go:7.52,9.24 1 1
github.com/nawazish-github/reactivator/observable/operator-flatmap.go:12.2,16.30 4 1
github.com/nawazish-github/reactivator/observable/operator-flatmap.go:21.2,23.12 2 1
github.com/nawazish-github/reactivator/observable/operator-flatmap.go:28.2,28.48 1 1
github.com/nawazish-github/reactivator/observable/operator-flatmap.go:37.2,37.24 1 1
github.com/nawazish-github/reactivator/observable/operator-flatmap.go:9.24,10.57 1 1
github.com/nawazish-github/reactivator/observable/operator-flatmap.go:16.30,19.3 2 1
github.com/nawazish-github/reactivator/observable/operator-flatmap.go:23.12,26.3 2 1
github.com/nawazish-github/reactivator/observable/operator-flatmap.go:28.48,29.34 1 1
github.com/nawazish-github/reactivator/observable/operator-flatmap.go:29.34,31.32 2 1
github.com/nawazish-github/reactivator/observable/operator-flatmap.go:31.32,33.5 1 1
