mode: set
github.com/nawazish-github/reactivator/observable/observable.go:13.82,15.12 2 1
github.com/nawazish-github/reactivator/observable/observable.go:37.2,37.28 1 1
github.com/nawazish-github/reactivator/observable/observable.go:15.12,17.24 2 1
github.com/nawazish-github/reactivator/observable/observable.go:17.24,18.32 1 1
github.com/nawazish-github/reactivator/observable/observable.go:27.4,27.16 1 1
github.com/nawazish-github/reactivator/observable/observable.go:32.4,32.37 1 1
github.com/nawazish-github/reactivator/observable/observable.go:18.32,19.31 1 1
github.com/nawazish-github/reactivator/observable/observable.go:20.16,22.14 2 1
github.com/nawazish-github/reactivator/observable/observable.go:23.13,24.27 1 1
github.com/nawazish-github/reactivator/observable/observable.go:27.16,29.5 1 1
github.com/nawazish-github/reactivator/observable/observable.go:29.10,31.5 1 1
github.com/nawazish-github/reactivator/observable/observable.go:33.9,35.4 1 0
github.com/nawazish-github/reactivator/observable/operator-from.go:5.73,6.26 1 1
github.com/nawazish-github/reactivator/observable/operator-from.go:7.21,10.13 2 1
github.com/nawazish-github/reactivator/observable/operator-from.go:17.3,17.22 1 1
github.com/nawazish-github/reactivator/observable/operator-from.go:18.26,19.28 1 0
github.com/nawazish-github/reactivator/observable/operator-from.go:20.24,21.28 1 0
github.com/nawazish-github/reactivator/observable/operator-from.go:22.10,23.81 1 0
github.com/nawazish-github/reactivator/observable/operator-from.go:10.13,12.26 2 1
github.com/nawazish-github/reactivator/observable/operator-from.go:12.26,14.5 1 1
github.com/nawazish-github/reactivator/observable/operator-interval.go:8.76,10.11 1 1
github.com/nawazish-github/reactivator/observable/operator-interval.go:14.2,19.12 4 1
github.com/nawazish-github/reactivator/observable/operator-interval.go:29.2,29.17 1 1
github.com/nawazish-github/reactivator/observable/operator-interval.go:10.11,12.3 1 1
github.com/nawazish-github/reactivator/observable/operator-interval.go:19.12,20.7 1 1
github.com/nawazish-github/reactivator/observable/operator-interval.go:20.7,21.11 1 1
github.com/nawazish-github/reactivator/observable/operator-interval.go:22.20,24.14 2 1
github.com/nawazish-github/reactivator/observable/operator-limit.go:7.67,9.15 1 1
github.com/nawazish-github/reactivator/observable/operator-limit.go:13.2,13.23 1 1
github.com/nawazish-github/reactivator/observable/operator-limit.go:17.2,20.30 3 1
github.com/nawazish-github/reactivator/observable/operator-limit.go:29.2,29.33 1 1
github.com/nawazish-github/reactivator/observable/operator-limit.go:9.15,11.3 1 1
github.com/nawazish-github/reactivator/observable/operator-limit.go:13.23,15.3 1 1
github.com/nawazish-github/reactivator/observable/operator-limit.go:20.30,21.23 1 1
github.com/nawazish-github/reactivator/observable/operator-limit.go:21.23,24.4 2 1
github.com/nawazish-github/reactivator/observable/operator-limit.go:24.9,26.9 2 1
github.com/nawazish-github/reactivator/observable/operator-range.go:5.79,7.16 1 1
github.com/nawazish-github/reactivator/observable/operator-range.go:11.2,11.17 1 1
github.com/nawazish-github/reactivator/observable/operator-range.go:15.2,16.12 2 1
github.com/nawazish-github/reactivator/observable/operator-range.go:24.2,24.17 1 1
github.com/nawazish-github/reactivator/observable/operator-range.go:7.16,9.3 1 1
github.com/nawazish-github/reactivator/observable/operator-range.go:11.17,13.3 1 1
github.com/nawazish-github/reactivator/observable/operator-range.go:16.12,19.47 3 1
github.com/nawazish-github/reactivator/observable/operator-range.go:19.47,22.4 2 1
